2024-03-07T11:50:39.780+05:30  INFO 16224 --- [restartedMain] eeRewardsandRecognitionSystemApplication : Starting EmployeeRewardsandRecognitionSystemApplication using Java 17.0.8.1 with PID 16224 (C:\Users\MuhammedFahimTM(Inte\Documents\workspace-spring-tool-suite-4-4.20.0.RELEASE\EmployeeRewardsandRecognitionSystem\target\classes started by MuhammedFahimTM(Inte in C:\Users\MuhammedFahimTM(Inte\Documents\workspace-spring-tool-suite-4-4.20.0.RELEASE\EmployeeRewardsandRecognitionSystem)
2024-03-07T11:50:39.783+05:30  INFO 16224 --- [restartedMain] eeRewardsandRecognitionSystemApplication : No active profile set, falling back to 1 default profile: "default"
2024-03-07T11:50:39.828+05:30  INFO 16224 --- [restartedMain] .e.DevToolsPropertyDefaultsPostProcessor : Devtools property defaults active! Set 'spring.devtools.add-properties' to 'false' to disable
2024-03-07T11:50:39.829+05:30  INFO 16224 --- [restartedMain] .e.DevToolsPropertyDefaultsPostProcessor : For additional web related logging consider setting the 'logging.level.web' property to 'DEBUG'
2024-03-07T11:50:40.815+05:30  INFO 16224 --- [restartedMain] .s.d.r.c.RepositoryConfigurationDelegate : Bootstrapping Spring Data JPA repositories in DEFAULT mode.
2024-03-07T11:50:40.880+05:30  INFO 16224 --- [restartedMain] .s.d.r.c.RepositoryConfigurationDelegate : Finished Spring Data repository scanning in 58 ms. Found 6 JPA repository interfaces.
2024-03-07T11:50:41.393+05:30  INFO 16224 --- [restartedMain] o.s.b.w.embedded.tomcat.TomcatWebServer  : Tomcat initialized with port 8080 (http)
2024-03-07T11:50:41.405+05:30  INFO 16224 --- [restartedMain] o.apache.catalina.core.StandardService   : Starting service [Tomcat]
2024-03-07T11:50:41.405+05:30  INFO 16224 --- [restartedMain] o.apache.catalina.core.StandardEngine    : Starting Servlet engine: [Apache Tomcat/10.1.17]
2024-03-07T11:50:41.449+05:30  INFO 16224 --- [restartedMain] o.a.c.c.C.[Tomcat].[localhost].[/]       : Initializing Spring embedded WebApplicationContext
2024-03-07T11:50:41.449+05:30  INFO 16224 --- [restartedMain] w.s.c.ServletWebServerApplicationContext : Root WebApplicationContext: initialization completed in 1620 ms
2024-03-07T11:50:41.552+05:30  INFO 16224 --- [restartedMain] o.hibernate.jpa.internal.util.LogHelper  : HHH000204: Processing PersistenceUnitInfo [name: default]
2024-03-07T11:50:41.612+05:30  INFO 16224 --- [restartedMain] org.hibernate.Version                    : HHH000412: Hibernate ORM core version 6.4.1.Final
2024-03-07T11:50:41.648+05:30  INFO 16224 --- [restartedMain] o.h.c.internal.RegionFactoryInitiator    : HHH000026: Second-level cache disabled
2024-03-07T11:50:41.855+05:30  INFO 16224 --- [restartedMain] o.s.o.j.p.SpringPersistenceUnitInfo      : No LoadTimeWeaver setup: ignoring JPA class transformer
2024-03-07T11:50:41.881+05:30  INFO 16224 --- [restartedMain] com.zaxxer.hikari.HikariDataSource       : HikariPool-1 - Starting...
2024-03-07T11:50:42.038+05:30  INFO 16224 --- [restartedMain] com.zaxxer.hikari.pool.HikariPool        : HikariPool-1 - Added connection org.postgresql.jdbc.PgConnection@2fb910ed
2024-03-07T11:50:42.039+05:30  INFO 16224 --- [restartedMain] com.zaxxer.hikari.HikariDataSource       : HikariPool-1 - Start completed.
2024-03-07T11:50:42.077+05:30  WARN 16224 --- [restartedMain] org.hibernate.orm.deprecation            : HHH90000025: PostgreSQLDialect does not need to be specified explicitly using 'hibernate.dialect' (remove the property setting and it will be selected by default)
2024-03-07T11:50:42.993+05:30  INFO 16224 --- [restartedMain] o.h.e.t.j.p.i.JtaPlatformInitiator       : HHH000489: No JTA platform available (set 'hibernate.transaction.jta.platform' to enable JTA platform integration)
2024-03-07T11:50:43.120+05:30  INFO 16224 --- [restartedMain] j.LocalContainerEntityManagerFactoryBean : Initialized JPA EntityManagerFactory for persistence unit 'default'
2024-03-07T11:50:43.303+05:30  INFO 16224 --- [restartedMain] o.s.d.j.r.query.QueryEnhancerFactory     : Hibernate is in classpath; If applicable, HQL parser will be used.
2024-03-07T11:50:43.773+05:30  INFO 16224 --- [restartedMain] o.s.s.web.DefaultSecurityFilterChain     : Will secure any request with [org.springframework.security.web.session.DisableEncodeUrlFilter@1dac3bbc, org.springframework.security.web.context.request.async.WebAsyncManagerIntegrationFilter@165e298b, org.springframework.security.web.context.SecurityContextHolderFilter@59fdc35a, org.springframework.security.web.header.HeaderWriterFilter@35d2a337, org.springframework.web.filter.CorsFilter@692f45a6, org.springframework.security.web.authentication.logout.LogoutFilter@23526bcb, com.bytestrone.oops.config.JwtAuthenticationfilter@3c84e45d, org.springframework.security.web.savedrequest.RequestCacheAwareFilter@3cd0c127, org.springframework.security.web.servletapi.SecurityContextHolderAwareRequestFilter@55ce907c, org.springframework.security.web.authentication.AnonymousAuthenticationFilter@7b8d3275, org.springframework.security.web.session.SessionManagementFilter@5f24cb9e, org.springframework.security.web.access.ExceptionTranslationFilter@266e700c, org.springframework.security.web.access.intercept.AuthorizationFilter@7abe38ea]
2024-03-07T11:50:43.950+05:30  INFO 16224 --- [restartedMain] o.s.b.d.a.OptionalLiveReloadServer       : LiveReload server is running on port 35729
2024-03-07T11:50:43.993+05:30  INFO 16224 --- [restartedMain] o.s.b.w.embedded.tomcat.TomcatWebServer  : Tomcat started on port 8080 (http) with context path ''
2024-03-07T11:50:44.002+05:30  INFO 16224 --- [restartedMain] eeRewardsandRecognitionSystemApplication : Started EmployeeRewardsandRecognitionSystemApplication in 4.573 seconds (process running for 5.358)
2024-03-07T11:51:32.682+05:30  INFO 16224 --- [http-nio-8080-exec-1] o.a.c.c.C.[Tomcat].[localhost].[/]       : Initializing Spring DispatcherServlet 'dispatcherServlet'
2024-03-07T11:51:32.682+05:30  INFO 16224 --- [http-nio-8080-exec-1] o.s.web.servlet.DispatcherServlet        : Initializing Servlet 'dispatcherServlet'
2024-03-07T11:51:32.683+05:30  INFO 16224 --- [http-nio-8080-exec-1] o.s.web.servlet.DispatcherServlet        : Completed initialization in 1 ms
2024-03-07T11:51:42.415+05:30  INFO 16224 --- [http-nio-8080-exec-1] c.b.oops.controller.UserController       : redeemRequest-RedeemRequest(productId=4)
2024-03-07T11:53:48.492+05:30  INFO 16224 --- [File Watcher] rtingClassPathChangeChangedEventListener : Restarting due to 1 class path change (0 additions, 0 deletions, 1 modification)
2024-03-07T11:53:48.514+05:30  INFO 16224 --- [Thread-5] j.LocalContainerEntityManagerFactoryBean : Closing JPA EntityManagerFactory for persistence unit 'default'
2024-03-07T11:53:48.517+05:30  INFO 16224 --- [Thread-5] com.zaxxer.hikari.HikariDataSource       : HikariPool-1 - Shutdown initiated...
2024-03-07T11:53:48.520+05:30  INFO 16224 --- [Thread-5] com.zaxxer.hikari.HikariDataSource       : HikariPool-1 - Shutdown completed.
